<?xml version="1.0" encoding="UTF-8"?>
<testng-results ignored="0" total="1" passed="1" failed="0" skipped="0">
  <reporter-output>
  </reporter-output>
  <suite started-at="2022-09-19T19:26:26 EDT" name="Default suite" finished-at="2022-09-19T19:26:30 EDT" duration-ms="4252">
    <groups>
    </groups>
    <test started-at="2022-09-19T19:26:26 EDT" name="Default test" finished-at="2022-09-19T19:26:30 EDT" duration-ms="4252">
      <class name="pages.HomePageTest">
        <test-method is-config="true" signature="setup()[pri:0, instance:pages.HomePageTest@d737b89]" started-at="2022-09-19T19:26:26 EDT" name="setup" finished-at="2022-09-19T19:26:30 EDT" duration-ms="4107" status="PASS">
          <reporter-output>
          </reporter-output>
        </test-method> <!-- setup -->
        <test-method signature="clickUserIdFieldTest()[pri:0, instance:pages.HomePageTest@d737b89]" started-at="2022-09-19T19:26:30 EDT" name="clickUserIdFieldTest" finished-at="2022-09-19T19:26:30 EDT" duration-ms="3" status="PASS">
          <reporter-output>
          </reporter-output>
        </test-method> <!-- clickUserIdFieldTest -->
        <test-method is-config="true" signature="tearup()[pri:0, instance:pages.HomePageTest@d737b89]" started-at="2022-09-19T19:26:30 EDT" name="tearup" finished-at="2022-09-19T19:26:30 EDT" duration-ms="113" status="PASS">
          <reporter-output>
          </reporter-output>
        </test-method> <!-- tearup -->
      </class> <!-- pages.HomePageTest -->
    </test> <!-- Default test -->
  </suite> <!-- Default suite -->
</testng-results>
